<?xml version="1.0" encoding="UTF-8"?>
<!-- Generated by org.testng.reporters.JUnitReportReporter -->
<testsuite skipped="0" hostname="DESKTOP-5FCGI5N" name="com.paraben.testsuite.LoginPageTest" tests="1" failures="0" timestamp="2023-06-22T23:26:14 BST" time="10.076" errors="0">
  <testcase name="verifyUserShouldNavigateToLoginPage" time="10.076" classname="com.paraben.testsuite.LoginPageTest"/>
  <system-out>
    <![CDATA[Click on Login LinkBy.cssSelector: input[type='submit']<br>
get welcome textBy.cssSelector: .caption]]>
  </system-out>
</testsuite> <!-- com.paraben.testsuite.LoginPageTest -->
