<?xml version="1.0" encoding="UTF-8"?>
<!-- Generated by org.testng.reporters.JUnitReportReporter -->
<testsuite skipped="0" hostname="DESKTOP-5FCGI5N" name="com.paraben.testsuite.RegisterPage" tests="2" failures="0" timestamp="2023-06-27T22:32:59 BST" time="16.620" errors="0">
  <testcase name="verifyThatSigningUpPageDisplay" time="5.294" classname="com.paraben.testsuite.RegisterPage"/>
  <system-out>
    <![CDATA[get Register Page MsgBy.cssSelector: h1.title]]>
  </system-out>
  <testcase name="userShouldRegisterAccountSuccessfully" time="11.326" classname="com.paraben.testsuite.RegisterPage"/>
  <system-out>
    <![CDATA[Click on Register LinkBy.linkText: Register<br>
Enter First NameBy.id: customer.firstName
Enter Last NameBy.id: customer.lastName
Enter Address Street NameTest Street
Enter City Name: Test City
Enter State Name: Test State
Enter Zip Code: By.id: customer.address.zipCode
Enter Phone Number: 1234562426
Enter SSN no: 1524714311
Enter User Nameganesha1@gmail.com
Enter Password: test12345
Enter Password: test12345
Successful registration pageBy.xpath: //p[@class='smallText']]]>
  </system-out>
</testsuite> <!-- com.paraben.testsuite.RegisterPage -->
